c:\users\tinho\desktop\rogue lite p2\debug\vc143.pdb
c:\users\tinho\desktop\rogue lite p2\debug\vc143.idb
c:\users\tinho\desktop\rogue lite p2\debug\texturemanager.obj
c:\users\tinho\desktop\rogue lite p2\debug\sound.obj
c:\users\tinho\desktop\rogue lite p2\debug\player.obj
c:\users\tinho\desktop\rogue lite p2\debug\mapparser.obj
c:\users\tinho\desktop\rogue lite p2\debug\main.obj
c:\users\tinho\desktop\rogue lite p2\debug\input.obj
c:\users\tinho\desktop\rogue lite p2\debug\hitfire.obj
c:\users\tinho\desktop\rogue lite p2\debug\gamemap.obj
c:\users\tinho\desktop\rogue lite p2\debug\explosion.obj
c:\users\tinho\desktop\rogue lite p2\debug\engine.obj
c:\users\tinho\desktop\rogue lite p2\debug\enemy_3.obj
c:\users\tinho\desktop\rogue lite p2\debug\enemy_2.obj
c:\users\tinho\desktop\rogue lite p2\debug\enemy_1.obj
c:\users\tinho\desktop\rogue lite p2\debug\enemy.obj
c:\users\tinho\desktop\rogue lite p2\debug\enemies.obj
c:\users\tinho\desktop\rogue lite p2\debug\collisionhandler.obj
c:\users\tinho\desktop\rogue lite p2\debug\collider.obj
c:\users\tinho\desktop\rogue lite p2\debug\character.obj
c:\users\tinho\desktop\rogue lite p2\debug\bullet.obj
c:\users\tinho\desktop\rogue lite p2\debug\animation.obj
c:\users\tinho\desktop\rogue lite p2\debug\tinyxmlparser.obj
c:\users\tinho\desktop\rogue lite p2\debug\tinyxmlerror.obj
c:\users\tinho\desktop\rogue lite p2\debug\tinyxml.obj
c:\users\tinho\desktop\rogue lite p2\debug\tinystr.obj
c:\users\tinho\desktop\rogue lite p2\debug\tilelayer.obj
c:\users\tinho\desktop\rogue lite p2\debug\transform.obj
c:\users\tinho\desktop\rogue lite p2 - copy\debug\vc143.pdb
c:\users\tinho\desktop\rogue lite p2 - copy\debug\vc143.idb
c:\users\tinho\desktop\rogue lite p2 - copy\debug\texturemanager.obj
c:\users\tinho\desktop\rogue lite p2 - copy\debug\sound.obj
c:\users\tinho\desktop\rogue lite p2 - copy\debug\player.obj
c:\users\tinho\desktop\rogue lite p2 - copy\debug\mapparser.obj
c:\users\tinho\desktop\rogue lite p2 - copy\debug\main.obj
c:\users\tinho\desktop\rogue lite p2 - copy\debug\input.obj
c:\users\tinho\desktop\rogue lite p2 - copy\debug\hitfire.obj
c:\users\tinho\desktop\rogue lite p2 - copy\debug\gamemap.obj
c:\users\tinho\desktop\rogue lite p2 - copy\debug\explosion.obj
c:\users\tinho\desktop\rogue lite p2 - copy\debug\engine.obj
c:\users\tinho\desktop\rogue lite p2 - copy\debug\enemy_3.obj
c:\users\tinho\desktop\rogue lite p2 - copy\debug\enemy_2.obj
c:\users\tinho\desktop\rogue lite p2 - copy\debug\enemy_1.obj
c:\users\tinho\desktop\rogue lite p2 - copy\debug\enemy.obj
c:\users\tinho\desktop\rogue lite p2 - copy\debug\enemies.obj
c:\users\tinho\desktop\rogue lite p2 - copy\debug\collisionhandler.obj
c:\users\tinho\desktop\rogue lite p2 - copy\debug\collider.obj
c:\users\tinho\desktop\rogue lite p2 - copy\debug\character.obj
c:\users\tinho\desktop\rogue lite p2 - copy\debug\bullet.obj
c:\users\tinho\desktop\rogue lite p2 - copy\debug\animation.obj
c:\users\tinho\desktop\rogue lite p2 - copy\debug\transform.obj
c:\users\tinho\desktop\rogue lite p2 - copy\debug\tinyxmlparser.obj
c:\users\tinho\desktop\rogue lite p2 - copy\debug\tinyxmlerror.obj
c:\users\tinho\desktop\rogue lite p2 - copy\debug\tinyxml.obj
c:\users\tinho\desktop\rogue lite p2 - copy\debug\tinystr.obj
c:\users\tinho\desktop\rogue lite p2 - copy\debug\tilelayer.obj
c:\users\tinho\desktop\rogue lite p2\debug\rogue lite.exe
c:\users\tinho\desktop\rogue lite p2\debug\rogue lite.ilk
c:\users\tinho\desktop\rogue lite p2\debug\rogue lite.pdb
c:\users\tinho\desktop\rogue lite p2 - copy\debug\rogue lite.exe
c:\users\tinho\desktop\rogue lite p2 - copy\debug\rogue lite.ilk
c:\users\tinho\desktop\rogue lite p2 - copy\debug\rogue lite.pdb
c:\users\tinho\desktop\rogue lite p2 - copy\debug\rogue lite.tlog\cl.command.1.tlog
c:\users\tinho\desktop\rogue lite p2 - copy\debug\rogue lite.tlog\cl.read.1.tlog
c:\users\tinho\desktop\rogue lite p2 - copy\debug\rogue lite.tlog\cl.write.1.tlog
c:\users\tinho\desktop\rogue lite p2 - copy\debug\rogue lite.tlog\link.command.1.tlog
c:\users\tinho\desktop\rogue lite p2 - copy\debug\rogue lite.tlog\link.read.1.tlog
c:\users\tinho\desktop\rogue lite p2 - copy\debug\rogue lite.tlog\link.write.1.tlog
